<?xml version="1.0" encoding="UTF-8"?>
<!-- Generated by org.testng.reporters.JUnitReportReporter -->
<testsuite hostname="DESKTOP-5LF4U71" failures="0" tests="2" name="com.simpletests.GetDataTest" time="12.362" errors="0" timestamp="2023-03-13T16:54:43 CDT" skipped="0">
  <testcase classname="com.simpletests.GetDataTest" name="logintoApi" time="5.315"/>
  <system-out/>
  <testcase classname="com.simpletests.GetDataTest" name="getUserData" time="7.047"/>
  <system-out/>
</testsuite> <!-- com.simpletests.GetDataTest -->
