<?xml version="1.0" encoding="UTF-8"?>
<!-- Generated by org.testng.reporters.JUnitReportReporter -->
<testsuite hostname="DESKTOP-5LF4U71" failures="0" tests="2" name="com.simpletests.GetDataWithPOJOTest" time="7.280" errors="0" timestamp="2023-03-13T21:13:16 CDT" skipped="0">
  <testcase classname="com.simpletests.GetDataWithPOJOTest" name="logintoApi" time="2.169"/>
  <system-out/>
  <testcase classname="com.simpletests.GetDataWithPOJOTest" name="getUserData" time="5.111"/>
  <system-out/>
</testsuite> <!-- com.simpletests.GetDataWithPOJOTest -->
