<?xml version="1.0" encoding="UTF-8"?>
<!-- Generated by org.testng.reporters.JUnitReportReporter -->
<testsuite hostname="DESKTOP-5LF4U71" failures="0" tests="2" name="com.day4.GetDataTest1" time="6.871" errors="0" timestamp="2023-03-13T21:07:27 CDT" skipped="0">
  <testcase classname="com.day4.GetDataTest1" name="logintoApi" time="2.131"/>
  <system-out/>
  <testcase classname="com.day4.GetDataTest1" name="getUserData" time="4.740"/>
  <system-out/>
</testsuite> <!-- com.day4.GetDataTest1 -->
