<?xml version="1.0" encoding="UTF-8"?>
<!-- Generated by org.testng.reporters.JUnitReportReporter -->
<testsuite hostname="DESKTOP-5LF4U71" failures="0" tests="2" name="com.simpletests.FirstApiTests" time="2.980" errors="0" timestamp="2023-03-08T21:47:02 CST" skipped="0">
  <testcase classname="com.simpletests.FirstApiTests" name="GetRequestToSpecificFlight1" time="0.185"/>
  <system-out/>
  <testcase classname="com.simpletests.FirstApiTests" name="GetRequestToSpecificFlight" time="2.795"/>
  <system-out/>
</testsuite> <!-- com.simpletests.FirstApiTests -->
